CRITICAL - 2024-11-17 21:29:08 --> CodeIgniter\View\Exceptions\ViewException: Invalid file: "Project/Next.js_Portfolio"
[Method: GET, Route: Project/Next]
in SYSTEMPATH/Exceptions/FrameworkException.php on line 41.
 1 SYSTEMPATH/View/View.php(222): CodeIgniter\Exceptions\FrameworkException::forInvalidFile('Project/Next.js_Portfolio')
 2 SYSTEMPATH/Common.php(1171): CodeIgniter\View\View->render('Project/Next.js_Portfolio', [], true)
 3 APPPATH/Controllers/Project.php(44): view('Project/Next.js_Portfolio')
 4 SYSTEMPATH/CodeIgniter.php(933): App\Controllers\Project->Next()
 5 SYSTEMPATH/CodeIgniter.php(509): CodeIgniter\CodeIgniter->runController(Object(App\Controllers\Project))
 6 SYSTEMPATH/CodeIgniter.php(355): CodeIgniter\CodeIgniter->handleRequest(null, Object(Config\Cache), false)
 7 SYSTEMPATH/Boot.php(325): CodeIgniter\CodeIgniter->run()
 8 SYSTEMPATH/Boot.php(67): CodeIgniter\Boot::runCodeIgniter(Object(CodeIgniter\CodeIgniter))
 9 FCPATH/index.php(56): CodeIgniter\Boot::bootWeb(Object(Config\Paths))
CRITICAL - 2024-11-17 21:29:16 --> CodeIgniter\View\Exceptions\ViewException: Invalid file: "Project/Next.js_Portfolio"
[Method: GET, Route: Project/Next]
in SYSTEMPATH/Exceptions/FrameworkException.php on line 41.
 1 SYSTEMPATH/View/View.php(222): CodeIgniter\Exceptions\FrameworkException::forInvalidFile('Project/Next.js_Portfolio')
 2 SYSTEMPATH/Common.php(1171): CodeIgniter\View\View->render('Project/Next.js_Portfolio', [], true)
 3 APPPATH/Controllers/Project.php(44): view('Project/Next.js_Portfolio')
 4 SYSTEMPATH/CodeIgniter.php(933): App\Controllers\Project->Next()
 5 SYSTEMPATH/CodeIgniter.php(509): CodeIgniter\CodeIgniter->runController(Object(App\Controllers\Project))
 6 SYSTEMPATH/CodeIgniter.php(355): CodeIgniter\CodeIgniter->handleRequest(null, Object(Config\Cache), false)
 7 SYSTEMPATH/Boot.php(325): CodeIgniter\CodeIgniter->run()
 8 SYSTEMPATH/Boot.php(67): CodeIgniter\Boot::runCodeIgniter(Object(CodeIgniter\CodeIgniter))
 9 FCPATH/index.php(56): CodeIgniter\Boot::bootWeb(Object(Config\Paths))
CRITICAL - 2024-11-17 21:29:32 --> CodeIgniter\View\Exceptions\ViewException: Invalid file: "Project/Next.js_Portfolio"
[Method: GET, Route: Project/Next]
in SYSTEMPATH/Exceptions/FrameworkException.php on line 41.
 1 SYSTEMPATH/View/View.php(222): CodeIgniter\Exceptions\FrameworkException::forInvalidFile('Project/Next.js_Portfolio')
 2 SYSTEMPATH/Common.php(1171): CodeIgniter\View\View->render('Project/Next.js_Portfolio', [], true)
 3 APPPATH/Controllers/Project.php(44): view('Project/Next.js_Portfolio')
 4 SYSTEMPATH/CodeIgniter.php(933): App\Controllers\Project->Next()
 5 SYSTEMPATH/CodeIgniter.php(509): CodeIgniter\CodeIgniter->runController(Object(App\Controllers\Project))
 6 SYSTEMPATH/CodeIgniter.php(355): CodeIgniter\CodeIgniter->handleRequest(null, Object(Config\Cache), false)
 7 SYSTEMPATH/Boot.php(325): CodeIgniter\CodeIgniter->run()
 8 SYSTEMPATH/Boot.php(67): CodeIgniter\Boot::runCodeIgniter(Object(CodeIgniter\CodeIgniter))
 9 FCPATH/index.php(56): CodeIgniter\Boot::bootWeb(Object(Config\Paths))
