ERROR - 2024-11-20 09:30:35 --> Error connecting to the database: mysqli_sql_exception: Connection refused in /var/www/html/system/Database/MySQLi/Connection.php:187
Stack trace:
#0 /var/www/html/system/Database/MySQLi/Connection.php(187): mysqli->real_connect('127.0.0.1', 'root', '1028', 'portfolio', 3306, '', 0)
#1 /var/www/html/system/Database/BaseConnection.php(421): CodeIgniter\Database\MySQLi\Connection->connect(false)
#2 /var/www/html/system/Database/BaseConnection.php(616): CodeIgniter\Database\BaseConnection->initialize()
#3 /var/www/html/system/Database/BaseBuilder.php(1644): CodeIgniter\Database\BaseConnection->query('SELECT 1\nFROM `...', Array, false)
#4 /var/www/html/system/Validation/StrictRules/Rules.php(232): CodeIgniter\Database\BaseBuilder->get()
#5 /var/www/html/system/Validation/Validation.php(339): CodeIgniter\Validation\StrictRules\Rules->is_unique('test@gmail.com', 'mb_email', Array, NULL, 'mb_email')
#6 /var/www/html/system/Validation/Validation.php(204): CodeIgniter\Validation\Validation->processRules('mb_email', 'mb_email', 'test@gmail.com', Array, Array, 'mb_email')
#7 /var/www/html/app/Controllers/Members.php(25): CodeIgniter\Validation\Validation->run()
#8 /var/www/html/system/CodeIgniter.php(933): App\Controllers\Members->processRegister()
#9 /var/www/html/system/CodeIgniter.php(509): CodeIgniter\CodeIgniter->runController(Object(App\Controllers\Members))
#10 /var/www/html/system/CodeIgniter.php(355): CodeIgniter\CodeIgniter->handleRequest(NULL, Object(Config\Cache), false)
#11 /var/www/html/system/Boot.php(325): CodeIgniter\CodeIgniter->run()
#12 /var/www/html/system/Boot.php(67): CodeIgniter\Boot::runCodeIgniter(Object(CodeIgniter\CodeIgniter))
#13 /var/www/html/public/index.php(56): CodeIgniter\Boot::bootWeb(Object(Config\Paths))
#14 {main}

Next CodeIgniter\Database\Exceptions\DatabaseException: Connection refused in /var/www/html/system/Database/MySQLi/Connection.php:231
Stack trace:
#0 /var/www/html/system/Database/BaseConnection.php(421): CodeIgniter\Database\MySQLi\Connection->connect(false)
#1 /var/www/html/system/Database/BaseConnection.php(616): CodeIgniter\Database\BaseConnection->initialize()
#2 /var/www/html/system/Database/BaseBuilder.php(1644): CodeIgniter\Database\BaseConnection->query('SELECT 1\nFROM `...', Array, false)
#3 /var/www/html/system/Validation/StrictRules/Rules.php(232): CodeIgniter\Database\BaseBuilder->get()
#4 /var/www/html/system/Validation/Validation.php(339): CodeIgniter\Validation\StrictRules\Rules->is_unique('test@gmail.com', 'mb_email', Array, NULL, 'mb_email')
#5 /var/www/html/system/Validation/Validation.php(204): CodeIgniter\Validation\Validation->processRules('mb_email', 'mb_email', 'test@gmail.com', Array, Array, 'mb_email')
#6 /var/www/html/app/Controllers/Members.php(25): CodeIgniter\Validation\Validation->run()
#7 /var/www/html/system/CodeIgniter.php(933): App\Controllers\Members->processRegister()
#8 /var/www/html/system/CodeIgniter.php(509): CodeIgniter\CodeIgniter->runController(Object(App\Controllers\Members))
#9 /var/www/html/system/CodeIgniter.php(355): CodeIgniter\CodeIgniter->handleRequest(NULL, Object(Config\Cache), false)
#10 /var/www/html/system/Boot.php(325): CodeIgniter\CodeIgniter->run()
#11 /var/www/html/system/Boot.php(67): CodeIgniter\Boot::runCodeIgniter(Object(CodeIgniter\CodeIgniter))
#12 /var/www/html/public/index.php(56): CodeIgniter\Boot::bootWeb(Object(Config\Paths))
#13 {main}
CRITICAL - 2024-11-20 09:30:35 --> CodeIgniter\Database\Exceptions\DatabaseException: Unable to connect to the database.
Main connection [MySQLi]: Connection refused
[Method: POST, Route: register]
in SYSTEMPATH/Database/BaseConnection.php on line 467.
 1 SYSTEMPATH/Database/BaseConnection.php(616): CodeIgniter\Database\BaseConnection->initialize()
 2 SYSTEMPATH/Database/BaseBuilder.php(1644): CodeIgniter\Database\BaseConnection->query('SELECT 1
FROM `members`
WHERE `mb_email` = :mb_email:
 LIMIT 1', [...], false)
 3 SYSTEMPATH/Validation/StrictRules/Rules.php(232): CodeIgniter\Database\BaseBuilder->get()
 4 SYSTEMPATH/Validation/Validation.php(339): CodeIgniter\Validation\StrictRules\Rules->is_unique('test@gmail.com', 'mb_email', [...], null, 'mb_email')
 5 SYSTEMPATH/Validation/Validation.php(204): CodeIgniter\Validation\Validation->processRules('mb_email', 'mb_email', 'test@gmail.com', [...], [...], 'mb_email')
 6 APPPATH/Controllers/Members.php(25): CodeIgniter\Validation\Validation->run()
 7 SYSTEMPATH/CodeIgniter.php(933): App\Controllers\Members->processRegister()
 8 SYSTEMPATH/CodeIgniter.php(509): CodeIgniter\CodeIgniter->runController(Object(App\Controllers\Members))
 9 SYSTEMPATH/CodeIgniter.php(355): CodeIgniter\CodeIgniter->handleRequest(null, Object(Config\Cache), false)
10 SYSTEMPATH/Boot.php(325): CodeIgniter\CodeIgniter->run()
11 SYSTEMPATH/Boot.php(67): CodeIgniter\Boot::runCodeIgniter(Object(CodeIgniter\CodeIgniter))
12 FCPATH/index.php(56): CodeIgniter\Boot::bootWeb(Object(Config\Paths))
